Determining if the pthread_create exist failed with the following output:
Change Dir: /uscms/home/duong/d3/ZplusB_working/Ana/yaml-cpp/build/CMakeFiles/CMakeTmp

Run Build Command:/cvmfs/cms.cern.ch/slc7_amd64_gcc820/cms/cmssw/CMSSW_10_6_4/external/slc7_amd64_gcc820/bin/gmake "cmTryCompileExec3145392892/fast"
/cvmfs/cms.cern.ch/slc7_amd64_gcc820/cms/cmssw/CMSSW_10_6_4/external/slc7_amd64_gcc820/bin/gmake -f CMakeFiles/cmTryCompileExec3145392892.dir/build.make CMakeFiles/cmTryCompileExec3145392892.dir/build
gmake[1]: Entering directory '/uscms_data/d3/duong/ZplusB_working/Ana/yaml-cpp/build/CMakeFiles/CMakeTmp'
/usr/bin/cmake -E cmake_progress_report /uscms/home/duong/d3/ZplusB_working/Ana/yaml-cpp/build/CMakeFiles/CMakeTmp/CMakeFiles 1
Building C object CMakeFiles/cmTryCompileExec3145392892.dir/CheckSymbolExists.c.o
/cvmfs/cms.cern.ch/slc7_amd64_gcc820/external/gcc/8.2.0-pafccj/bin/cc    -o CMakeFiles/cmTryCompileExec3145392892.dir/CheckSymbolExists.c.o   -c /uscms/home/duong/d3/ZplusB_working/Ana/yaml-cpp/build/CMakeFiles/CMakeTmp/CheckSymbolExists.c
Linking C executable cmTryCompileExec3145392892
/usr/bin/cmake -E cmake_link_script CMakeFiles/cmTryCompileExec3145392892.dir/link.txt --verbose=1
/cvmfs/cms.cern.ch/slc7_amd64_gcc820/external/gcc/8.2.0-pafccj/bin/cc       CMakeFiles/cmTryCompileExec3145392892.dir/CheckSymbolExists.c.o  -o cmTryCompileExec3145392892 -rdynamic 
/cvmfs/cms.cern.ch/slc7_amd64_gcc820/external/gcc/8.2.0-pafccj/bin/../lib/gcc/x86_64-unknown-linux-gnu/8.3.1/../../../../x86_64-unknown-linux-gnu/bin/ld: CMakeFiles/cmTryCompileExec3145392892.dir/CheckSymbolExists.c.o: in function `main':
CheckSymbolExists.c:(.text+0x16): undefined reference to `pthread_create'
collect2: error: ld returned 1 exit status
gmake[1]: Leaving directory '/uscms_data/d3/duong/ZplusB_working/Ana/yaml-cpp/build/CMakeFiles/CMakeTmp'
gmake[1]: *** [CMakeFiles/cmTryCompileExec3145392892.dir/build.make:92: cmTryCompileExec3145392892] Error 1
gmake: *** [Makefile:117: cmTryCompileExec3145392892/fast] Error 2

File /uscms/home/duong/d3/ZplusB_working/Ana/yaml-cpp/build/CMakeFiles/CMakeTmp/CheckSymbolExists.c:
/* */
#include <pthread.h>

int main(int argc, char** argv)
{
  (void)argv;
#ifndef pthread_create
  return ((int*)(&pthread_create))[argc];
#else
  (void)argc;
  return 0;
#endif
}

Determining if the function pthread_create exists in the pthreads failed with the following output:
Change Dir: /uscms/home/duong/d3/ZplusB_working/Ana/yaml-cpp/build/CMakeFiles/CMakeTmp

Run Build Command:/cvmfs/cms.cern.ch/slc7_amd64_gcc820/cms/cmssw/CMSSW_10_6_4/external/slc7_amd64_gcc820/bin/gmake "cmTryCompileExec3947212164/fast"
/cvmfs/cms.cern.ch/slc7_amd64_gcc820/cms/cmssw/CMSSW_10_6_4/external/slc7_amd64_gcc820/bin/gmake -f CMakeFiles/cmTryCompileExec3947212164.dir/build.make CMakeFiles/cmTryCompileExec3947212164.dir/build
gmake[1]: Entering directory '/uscms_data/d3/duong/ZplusB_working/Ana/yaml-cpp/build/CMakeFiles/CMakeTmp'
/usr/bin/cmake -E cmake_progress_report /uscms/home/duong/d3/ZplusB_working/Ana/yaml-cpp/build/CMakeFiles/CMakeTmp/CMakeFiles 1
Building C object CMakeFiles/cmTryCompileExec3947212164.dir/CheckFunctionExists.c.o
/cvmfs/cms.cern.ch/slc7_amd64_gcc820/external/gcc/8.2.0-pafccj/bin/cc   -DCHECK_FUNCTION_EXISTS=pthread_create   -o CMakeFiles/cmTryCompileExec3947212164.dir/CheckFunctionExists.c.o   -c /usr/share/cmake/Modules/CheckFunctionExists.c
Linking C executable cmTryCompileExec3947212164
/usr/bin/cmake -E cmake_link_script CMakeFiles/cmTryCompileExec3947212164.dir/link.txt --verbose=1
/cvmfs/cms.cern.ch/slc7_amd64_gcc820/external/gcc/8.2.0-pafccj/bin/cc   -DCHECK_FUNCTION_EXISTS=pthread_create    CMakeFiles/cmTryCompileExec3947212164.dir/CheckFunctionExists.c.o  -o cmTryCompileExec3947212164 -rdynamic -lpthreads 
/cvmfs/cms.cern.ch/slc7_amd64_gcc820/external/gcc/8.2.0-pafccj/bin/../lib/gcc/x86_64-unknown-linux-gnu/8.3.1/../../../../x86_64-unknown-linux-gnu/bin/ld: cannot find -lpthreads
collect2: error: ld returned 1 exit status
gmake[1]: Leaving directory '/uscms_data/d3/duong/ZplusB_working/Ana/yaml-cpp/build/CMakeFiles/CMakeTmp'
gmake[1]: *** [CMakeFiles/cmTryCompileExec3947212164.dir/build.make:92: cmTryCompileExec3947212164] Error 1
gmake: *** [Makefile:117: cmTryCompileExec3947212164/fast] Error 2


